<?xml version="1.0" encoding="UTF-8"?>
<!-- Generated by org.testng.reporters.JUnitReportReporter -->
<testsuite hostname="Shilpa-Srivastava" failures="0" tests="1" name="com.crm.sdet.Campaign.CreateCampaignTest" time="6.453" errors="0" timestamp="2022-12-23T10:10:51 IST" skipped="0">
  <testcase classname="com.crm.sdet.Campaign.CreateCampaignTest" name="CreateCampaign" time="6.453"/>
  <system-out/>
</testsuite> <!-- com.crm.sdet.Campaign.CreateCampaignTest -->
